2023-12-06 22:54:56.791 - DBeaver 23.2.3.202310221533 is starting
2023-12-06 22:54:56.791 - OS: Linux 6.2.0-37-generic (amd64)
2023-12-06 22:54:56.792 - Java version: 17.0.6 by Eclipse Adoptium (64bit)
2023-12-06 22:54:56.792 - Install path: '/usr/share/dbeaver-ce'
2023-12-06 22:54:56.792 - Instance path: 'file:/home/adminas/ItogovoyaKonrolnay/OOP/SQL/'
2023-12-06 22:54:56.792 - Memory available 64Mb/1024Mb
2023-12-06 22:54:56.801 - Create display
2023-12-06 22:54:56.890 - Initializing DBeaver 23.2.3
2023-12-06 22:54:56.891 - Host plugin: org.jkiss.dbeaver.ui.app.standalone 23.2.3.202310221533
2023-12-06 22:54:56.891 - Initialize desktop platform...
2023-12-06 22:54:57.022 - BounceCastle bundle found. Use JCE provider BC
> Start Core File Systems [org.eclipse.core.filesystem 1.10.100.v20230717-1727]
> Start Core Resource Management [org.eclipse.core.resources 3.19.100.v20230814-1312]
> Start Ядро поддержки совместной работы [org.eclipse.team.core 3.10.100.v20230726-0617]
> Start DBeaver UI Navigator [org.jkiss.dbeaver.ui.navigator 1.0.117.202310221533]
2023-12-06 22:54:57.198 - Initialize base platform...
2023-12-06 22:54:57.218 - Platform initialized (327ms)
> Start DBeaver UI Editors - Base [org.jkiss.dbeaver.ui.editors.base 1.0.117.202310221533]
2023-12-06 22:54:57.242 - Starting instance server at http://localhost:37071
2023-12-06 22:54:57.249 - Run workbench
> Start DBeaver UI [org.jkiss.dbeaver.ui 5.1.132.202310221533]
> Start Eclipse e4 SWT рабочая среда [org.eclipse.e4.ui.workbench.swt 0.17.100.v20230727-0604]
> Start Eclipse Application Services [org.eclipse.e4.core.services 2.4.100.v20230708-0809]
> Start Eclipse UI Application Services [org.eclipse.e4.ui.services 1.6.100.v20230630-1554]
> Start Eclipse e4 Progress View [org.eclipse.e4.ui.progress 0.4.100.v20230727-0604]
> Start Eclipse Bindings Support [org.eclipse.e4.ui.bindings 0.14.100.v20230630-1554]
> Start Eclipse e4 core commands [org.eclipse.e4.core.commands 1.1.100.v20230630-1554]
> Start EMF XML/XMI Persistence [org.eclipse.emf.ecore.xmi 2.35.0.v20230801-1141]
> Start Eclipse CSS SWT Theme Support [org.eclipse.e4.ui.css.swt.theme 0.14.100.v20230727-0604]
> Start Eclipse e4 дополнения рабочей среды [org.eclipse.e4.ui.workbench.addons.swt 1.5.100.v20230727-0604]
> Start Eclipse e4 SWT визуализация рабочей среды [org.eclipse.e4.ui.workbench.renderers.swt 0.16.100.v20230801-1255]
> Start Eclipse Dependency Injection Extensions [org.eclipse.e4.core.di.extensions 0.18.0.v20230429-1914]
> Start Eclipse CSS SWT Support [org.eclipse.e4.ui.css.swt 0.15.100.v20230727-0604]
Warning: NLS unused message: BlockedJobsDialog_UserInterfaceTreeElement in: org.eclipse.ui.internal.progress.messages
2023-12-06 22:54:58.791 - Configure workbench window
> Start DBeaver SQL Model [org.jkiss.dbeaver.model.sql 1.0.107.202310221533]
2023-12-06 22:54:58.916 - Total database drivers: 107 (107)
> Start Ядро Справочной Системы [org.eclipse.help 3.10.100.v20230726-0617]
2023-12-06 22:54:58.971 - Create actions
2023-12-06 22:54:58.975 - Disable Eclipse action set 'org.eclipse.ui.edit.text.actionSet.annotationNavigation'
2023-12-06 22:54:58.975 - Disable Eclipse action set 'org.eclipse.ui.WorkingSetActionSet'
2023-12-06 22:54:58.975 - Disable Eclipse action set 'org.eclipse.ui.actionSet.openFiles'
2023-12-06 22:54:59.438 - Initialize workbench window
2023-12-06 22:54:59.443 - Finish initialization
> Start jna [com.sun.jna 5.13.0.v20230812-1000]
> Start Internet Connection Management UI [org.eclipse.ui.net 1.5.100.v20230726-0617]
> Start Internet Connection Management [org.eclipse.core.net 1.5.100.v20230630-1232]
> Start DBeaver UI Editors - Data [org.jkiss.dbeaver.ui.editors.data 1.0.117.202310221533]
> Start DBeaver UI Editors - SQL [org.jkiss.dbeaver.ui.editors.sql 1.0.117.202310221533]
> Start DBeaver Sample Database [org.jkiss.dbeaver.ext.sample.database 1.0.154.202310221533]
> Start DBeaver Tip of the day [org.jkiss.dbeaver.ext.ui.tipoftheday 1.0.123.202310221533]
> Start GEF Classic Draw2d [org.eclipse.draw2d 3.14.0.202308311129]
> Start GEF Classic GEF (MVC) [org.eclipse.gef 3.15.0.202308311129]
> Start DBeaver ERD UI [org.jkiss.dbeaver.erd.ui 3.0.77.202310221533]
> Start DBeaver ERD Model [org.jkiss.dbeaver.erd.model 1.0.77.202310221533]
> Start Текстовый редактор по умолчанию [org.eclipse.ui.editors 3.17.0.v20230821-1342]
> Start Структура Текстового Редактора [org.eclipse.ui.workbench.texteditor 3.17.100.v20230821-0745]
> Start Поддержка поиска [org.eclipse.search 3.15.200.v20230825-1346]
Warning: NLS unused message: TextSearchVisitor_progress_updating_job in: org.eclipse.search.internal.ui.SearchMessages
> Start DBeaver Tasks View [org.jkiss.dbeaver.tasks.ui.view 1.0.66.202310221533]
> Start DBeaver UI Editors - Connections [org.jkiss.dbeaver.ui.editors.connection 1.0.108.202310221533]
> Start DBeaver MySQL UI Support [org.jkiss.dbeaver.ext.mysql.ui 1.0.109.202310221533]
> Start DBeaver JDBC Model [org.jkiss.dbeaver.model.jdbc 1.0.10.202310221533]
> Start DBeaver MySQL Support [org.jkiss.dbeaver.ext.mysql 2.1.202.202310221533]
2023-12-06 22:56:03.746 - Service 'org.jkiss.dbeaver.runtime.ui.UIServiceSecurity' not found
2023-12-06 22:56:14.594 - Connect with 'jdbc:mysql://localhost:3306/' (mysql8-18c40b3cd6c-38ae5fc7fce086b2)
2023-12-06 22:56:14.635 - Execution context opened (jdbc:mysql://localhost:3306/; Main; 0)
> Start DBeaver GIS Support [org.jkiss.dbeaver.data.gis 1.0.141.202310221533]
2023-12-06 22:56:14.799 - Access denied for user 'root'@'localhost' (using password: NO)
java.sql.SQLException: Access denied for user 'root'@'localhost' (using password: NO)
	at com.mysql.cj.jdbc.exceptions.SQLError.createSQLException(SQLError.java:129)
	at com.mysql.cj.jdbc.exceptions.SQLExceptionsMapping.translateException(SQLExceptionsMapping.java:122)
	at com.mysql.cj.jdbc.ConnectionImpl.createNewIO(ConnectionImpl.java:828)
	at com.mysql.cj.jdbc.ConnectionImpl.<init>(ConnectionImpl.java:448)
	at com.mysql.cj.jdbc.ConnectionImpl.getInstance(ConnectionImpl.java:241)
	at com.mysql.cj.jdbc.NonRegisteringDriver.connect(NonRegisteringDriver.java:198)
	at org.jkiss.dbeaver.model.impl.jdbc.JDBCDataSource.lambda$1(JDBCDataSource.java:246)
	at org.jkiss.dbeaver.model.impl.jdbc.JDBCDataSource.lambda$0(JDBCDataSource.java:259)
	at org.jkiss.dbeaver.model.impl.jdbc.JDBCDataSource.openConnection(JDBCDataSource.java:278)
	at org.jkiss.dbeaver.ext.mysql.model.MySQLDataSource.openConnection(MySQLDataSource.java:456)
	at org.jkiss.dbeaver.model.impl.jdbc.JDBCExecutionContext.connect(JDBCExecutionContext.java:103)
	at org.jkiss.dbeaver.model.impl.jdbc.JDBCRemoteInstance.initializeMainContext(JDBCRemoteInstance.java:102)
	at org.jkiss.dbeaver.model.impl.jdbc.JDBCRemoteInstance.<init>(JDBCRemoteInstance.java:61)
	at org.jkiss.dbeaver.model.impl.jdbc.JDBCDataSource.initializeRemoteInstance(JDBCDataSource.java:123)
	at org.jkiss.dbeaver.model.impl.jdbc.JDBCDataSource.<init>(JDBCDataSource.java:107)
	at org.jkiss.dbeaver.model.impl.jdbc.JDBCDataSource.<init>(JDBCDataSource.java:98)
	at org.jkiss.dbeaver.ext.mysql.model.MySQLDataSource.<init>(MySQLDataSource.java:98)
	at org.jkiss.dbeaver.ext.mysql.model.MySQLDataSource.<init>(MySQLDataSource.java:93)
	at org.jkiss.dbeaver.ext.mysql.MySQLDataSourceProvider.openDataSource(MySQLDataSourceProvider.java:151)
	at org.jkiss.dbeaver.registry.DataSourceDescriptor.openDataSource(DataSourceDescriptor.java:1280)
	at org.jkiss.dbeaver.registry.DataSourceDescriptor.connect0(DataSourceDescriptor.java:1117)
	at org.jkiss.dbeaver.registry.DataSourceDescriptor.connect(DataSourceDescriptor.java:950)
	at org.jkiss.dbeaver.runtime.jobs.ConnectJob.run(ConnectJob.java:77)
	at org.jkiss.dbeaver.runtime.jobs.ConnectionTestJob.run(ConnectionTestJob.java:103)
	at org.jkiss.dbeaver.model.runtime.AbstractJob.run(AbstractJob.java:105)
	at org.eclipse.core.internal.jobs.Worker.run(Worker.java:63)
2023-12-06 22:56:30.356 - Connect with 'localhost' (mysql8-18c40b3a285-253f9b5eed7f7305)
2023-12-06 22:56:30.358 - Execution context opened (localhost; Main; 1)
2023-12-06 22:56:30.364 - Access denied for user 'root'@'localhost' (using password: NO)
java.sql.SQLException: Access denied for user 'root'@'localhost' (using password: NO)
	at com.mysql.cj.jdbc.exceptions.SQLError.createSQLException(SQLError.java:129)
	at com.mysql.cj.jdbc.exceptions.SQLExceptionsMapping.translateException(SQLExceptionsMapping.java:122)
	at com.mysql.cj.jdbc.ConnectionImpl.createNewIO(ConnectionImpl.java:828)
	at com.mysql.cj.jdbc.ConnectionImpl.<init>(ConnectionImpl.java:448)
	at com.mysql.cj.jdbc.ConnectionImpl.getInstance(ConnectionImpl.java:241)
	at com.mysql.cj.jdbc.NonRegisteringDriver.connect(NonRegisteringDriver.java:198)
	at org.jkiss.dbeaver.model.impl.jdbc.JDBCDataSource.lambda$1(JDBCDataSource.java:246)
	at org.jkiss.dbeaver.model.impl.jdbc.JDBCDataSource.lambda$0(JDBCDataSource.java:259)
	at org.jkiss.dbeaver.model.impl.jdbc.JDBCDataSource.openConnection(JDBCDataSource.java:278)
	at org.jkiss.dbeaver.ext.mysql.model.MySQLDataSource.openConnection(MySQLDataSource.java:456)
	at org.jkiss.dbeaver.model.impl.jdbc.JDBCExecutionContext.connect(JDBCExecutionContext.java:103)
	at org.jkiss.dbeaver.model.impl.jdbc.JDBCRemoteInstance.initializeMainContext(JDBCRemoteInstance.java:102)
	at org.jkiss.dbeaver.model.impl.jdbc.JDBCRemoteInstance.<init>(JDBCRemoteInstance.java:61)
	at org.jkiss.dbeaver.model.impl.jdbc.JDBCDataSource.initializeRemoteInstance(JDBCDataSource.java:123)
	at org.jkiss.dbeaver.model.impl.jdbc.JDBCDataSource.<init>(JDBCDataSource.java:107)
	at org.jkiss.dbeaver.model.impl.jdbc.JDBCDataSource.<init>(JDBCDataSource.java:98)
	at org.jkiss.dbeaver.ext.mysql.model.MySQLDataSource.<init>(MySQLDataSource.java:98)
	at org.jkiss.dbeaver.ext.mysql.model.MySQLDataSource.<init>(MySQLDataSource.java:93)
	at org.jkiss.dbeaver.ext.mysql.MySQLDataSourceProvider.openDataSource(MySQLDataSourceProvider.java:151)
	at org.jkiss.dbeaver.registry.DataSourceDescriptor.openDataSource(DataSourceDescriptor.java:1280)
	at org.jkiss.dbeaver.registry.DataSourceDescriptor.connect0(DataSourceDescriptor.java:1117)
	at org.jkiss.dbeaver.registry.DataSourceDescriptor.connect(DataSourceDescriptor.java:950)
	at org.jkiss.dbeaver.runtime.jobs.ConnectJob.run(ConnectJob.java:77)
	at org.jkiss.dbeaver.runtime.jobs.ConnectJob.runSync(ConnectJob.java:104)
	at org.jkiss.dbeaver.ui.actions.datasource.DataSourceHandler.connectToDataSource(DataSourceHandler.java:115)
	at org.jkiss.dbeaver.ui.actions.datasource.UIServiceConnectionsImpl.initConnection(UIServiceConnectionsImpl.java:87)
	at org.jkiss.dbeaver.model.DBUtils.initDataSource(DBUtils.java:2535)
	at org.jkiss.dbeaver.model.navigator.DBNDataSource.initializeNode(DBNDataSource.java:151)
	at org.jkiss.dbeaver.model.navigator.DBNDatabaseNode.getChildren(DBNDatabaseNode.java:225)
	at org.jkiss.dbeaver.model.navigator.DBNDatabaseNode.getChildren(DBNDatabaseNode.java:1)
	at org.jkiss.dbeaver.model.navigator.DBNUtils.getNodeChildrenFiltered(DBNUtils.java:91)
	at org.jkiss.dbeaver.ui.navigator.database.load.TreeLoadService.evaluate(TreeLoadService.java:49)
	at org.jkiss.dbeaver.ui.navigator.database.load.TreeLoadService.evaluate(TreeLoadService.java:1)
	at org.jkiss.dbeaver.ui.LoadingJob.run(LoadingJob.java:88)
	at org.jkiss.dbeaver.ui.LoadingJob.run(LoadingJob.java:72)
	at org.jkiss.dbeaver.model.runtime.AbstractJob.run(AbstractJob.java:105)
	at org.eclipse.core.internal.jobs.Worker.run(Worker.java:63)
> Start DBeaver Tasks - General UI [org.jkiss.dbeaver.tasks.ui 1.0.95.202310221533]
2023-12-06 22:57:18.980 - Service 'org.jkiss.dbeaver.runtime.ui.UIServiceSecurity' not found
2023-12-06 22:57:39.058 - Connect with 'jdbc:mysql://localhost:3306/' (mysql8-18c40b51763-776a45a98f192017)
2023-12-06 22:57:39.061 - Execution context opened (jdbc:mysql://localhost:3306/; Main; 2)
2023-12-06 22:57:39.173 - Connected (mysql8-18c40b51763-776a45a98f192017, MySQL Connector/J [mysql-connector-java-8.0.29 (Revision: dd61577595edad45c398af508cf91ad26fc4144f)])
2023-12-06 22:57:39.225 - Execution context closed (jdbc:mysql://localhost:3306/, 2)
2023-12-06 22:57:39.225 - Disconnected (mysql8-18c40b51763-776a45a98f192017)
2023-12-06 22:57:52.888 - Connect with 'localhost' (mysql8-18c40b4c87e-5282d7caf5cd183b)
2023-12-06 22:57:52.889 - Execution context opened (localhost; Main; 3)
2023-12-06 22:57:52.893 - Execution context opened (localhost; Metadata; 4)
2023-12-06 22:57:52.914 - Connected (mysql8-18c40b4c87e-5282d7caf5cd183b, MySQL Connector/J [mysql-connector-java-8.0.29 (Revision: dd61577595edad45c398af508cf91ad26fc4144f)])
> Start Data Transfer UI [org.jkiss.dbeaver.data.transfer.ui 1.0.101.202310221533]
2023-12-06 22:58:44.936 - Service 'org.jkiss.dbeaver.runtime.ui.UIServiceSecurity' not found
2023-12-06 23:04:40.259 - DBeaver is stopping
2023-12-06 23:04:40.260 - Stop instance server
2023-12-06 23:04:41.261 - DBeaver shutdown completed
