2023-12-07 20:45:34.795 - DBeaver 23.2.3.202310221533 is starting
2023-12-07 20:45:34.796 - OS: Linux 6.2.0-37-generic (amd64)
2023-12-07 20:45:34.796 - Java version: 17.0.6 by Eclipse Adoptium (64bit)
2023-12-07 20:45:34.796 - Install path: '/usr/share/dbeaver-ce'
2023-12-07 20:45:34.796 - Instance path: 'file:/home/adminas/ItogovoyaKonrolnay/OOP/SQL/'
2023-12-07 20:45:34.796 - Memory available 64Mb/1024Mb
2023-12-07 20:45:34.806 - Create display
2023-12-07 20:45:34.878 - Initializing DBeaver 23.2.3
2023-12-07 20:45:34.879 - Host plugin: org.jkiss.dbeaver.ui.app.standalone 23.2.3.202310221533
2023-12-07 20:45:34.879 - Initialize desktop platform...
2023-12-07 20:45:35.035 - BounceCastle bundle found. Use JCE provider BC
> Start Core File Systems [org.eclipse.core.filesystem 1.10.100.v20230717-1727]
> Start Core Resource Management [org.eclipse.core.resources 3.19.100.v20230814-1312]
> Start Ядро поддержки совместной работы [org.eclipse.team.core 3.10.100.v20230726-0617]
> Start DBeaver UI Navigator [org.jkiss.dbeaver.ui.navigator 1.0.117.202310221533]
2023-12-07 20:45:35.194 - Initialize base platform...
2023-12-07 20:45:35.213 - Platform initialized (334ms)
> Start DBeaver UI Editors - Base [org.jkiss.dbeaver.ui.editors.base 1.0.117.202310221533]
2023-12-07 20:45:35.236 - Starting instance server at http://localhost:39955
2023-12-07 20:45:35.241 - Run workbench
> Start DBeaver UI [org.jkiss.dbeaver.ui 5.1.132.202310221533]
> Start Eclipse e4 SWT рабочая среда [org.eclipse.e4.ui.workbench.swt 0.17.100.v20230727-0604]
> Start Eclipse Application Services [org.eclipse.e4.core.services 2.4.100.v20230708-0809]
> Start Eclipse UI Application Services [org.eclipse.e4.ui.services 1.6.100.v20230630-1554]
> Start Eclipse e4 Progress View [org.eclipse.e4.ui.progress 0.4.100.v20230727-0604]
> Start Eclipse Bindings Support [org.eclipse.e4.ui.bindings 0.14.100.v20230630-1554]
> Start Eclipse e4 core commands [org.eclipse.e4.core.commands 1.1.100.v20230630-1554]
> Start EMF XML/XMI Persistence [org.eclipse.emf.ecore.xmi 2.35.0.v20230801-1141]
Warning: NLS unused message: InputStreamMonitor_label in: org.eclipse.debug.internal.core.DebugCoreMessages
Warning: NLS unused message: OutputStreamMonitor_label in: org.eclipse.debug.internal.core.DebugCoreMessages
> Start Отладка ядра [org.eclipse.debug.core 3.21.100.v20230731-1425]
> Start jna [com.sun.jna 5.13.0.v20230812-1000]
> Start Internet Connection Management UI [org.eclipse.ui.net 1.5.100.v20230726-0617]
> Start Internet Connection Management [org.eclipse.core.net 1.5.100.v20230630-1232]
> Start Ядро JSch [org.eclipse.jsch.core 1.5.100.v20230726-0617]
> Start Eclipse CSS SWT Theme Support [org.eclipse.e4.ui.css.swt.theme 0.14.100.v20230727-0604]
> Start Eclipse e4 дополнения рабочей среды [org.eclipse.e4.ui.workbench.addons.swt 1.5.100.v20230727-0604]
> Start Eclipse e4 SWT визуализация рабочей среды [org.eclipse.e4.ui.workbench.renderers.swt 0.16.100.v20230801-1255]
> Start Eclipse Dependency Injection Extensions [org.eclipse.e4.core.di.extensions 0.18.0.v20230429-1914]
> Start Eclipse CSS SWT Support [org.eclipse.e4.ui.css.swt 0.15.100.v20230727-0604]
Warning: NLS unused message: BlockedJobsDialog_UserInterfaceTreeElement in: org.eclipse.ui.internal.progress.messages
2023-12-07 20:45:36.752 - Configure workbench window
> Start DBeaver SQL Model [org.jkiss.dbeaver.model.sql 1.0.107.202310221533]
2023-12-07 20:45:36.875 - Total database drivers: 107 (107)
> Start Ядро Справочной Системы [org.eclipse.help 3.10.100.v20230726-0617]
2023-12-07 20:45:36.939 - Create actions
2023-12-07 20:45:36.943 - Disable Eclipse action set 'org.eclipse.ui.edit.text.actionSet.annotationNavigation'
2023-12-07 20:45:36.943 - Disable Eclipse action set 'org.eclipse.ui.WorkingSetActionSet'
2023-12-07 20:45:36.944 - Disable Eclipse action set 'org.eclipse.ui.actionSet.openFiles'
2023-12-07 20:45:37.332 - Initialize workbench window
2023-12-07 20:45:37.337 - Finish initialization
> Start Структура Текстового Редактора [org.eclipse.ui.workbench.texteditor 3.17.100.v20230821-0745]
> Start Текстовый редактор по умолчанию [org.eclipse.ui.editors 3.17.0.v20230821-1342]
> Start DBeaver Tasks View [org.jkiss.dbeaver.tasks.ui.view 1.0.66.202310221533]
> Start DBeaver Tasks - General UI [org.jkiss.dbeaver.tasks.ui 1.0.95.202310221533]
> Start DBeaver UI Editors - Data [org.jkiss.dbeaver.ui.editors.data 1.0.117.202310221533]
> Start DBeaver UI Editors - SQL [org.jkiss.dbeaver.ui.editors.sql 1.0.117.202310221533]
> Start DBeaver Sample Database [org.jkiss.dbeaver.ext.sample.database 1.0.154.202310221533]
> Start DBeaver Tip of the day [org.jkiss.dbeaver.ext.ui.tipoftheday 1.0.123.202310221533]
> Start GEF Classic Draw2d [org.eclipse.draw2d 3.14.0.202308311129]
> Start GEF Classic GEF (MVC) [org.eclipse.gef 3.15.0.202308311129]
> Start DBeaver ERD UI [org.jkiss.dbeaver.erd.ui 3.0.77.202310221533]
> Start DBeaver ERD Model [org.jkiss.dbeaver.erd.model 1.0.77.202310221533]
2023-12-07 20:45:38.265 - Connect with 'localhost' (mysql8-18c40b4c87e-5282d7caf5cd183b)
> Start DBeaver JDBC Model [org.jkiss.dbeaver.model.jdbc 1.0.10.202310221533]
> Start DBeaver MySQL Support [org.jkiss.dbeaver.ext.mysql 2.1.202.202310221533]
2023-12-07 20:45:38.309 - Execution context opened (localhost; Main; 0)
> Start DBeaver GIS Support [org.jkiss.dbeaver.data.gis 1.0.141.202310221533]
2023-12-07 20:45:38.538 - Execution context opened (localhost; Metadata; 1)
2023-12-07 20:45:38.603 - Connected (mysql8-18c40b4c87e-5282d7caf5cd183b, MySQL Connector/J [mysql-connector-java-8.0.29 (Revision: dd61577595edad45c398af508cf91ad26fc4144f)])
> Start DBeaver MySQL UI Support [org.jkiss.dbeaver.ext.mysql.ui 1.0.109.202310221533]
2023-12-07 20:45:40.935 - Open [https://dbeaver.io/product/version.xml]
> Start DBeaver SQL Terminal [org.jkiss.dbeaver.ui.editors.sql.terminal 1.0.93.202310221533]
> Start Базовая поддержка сравнения [org.eclipse.compare.core 3.8.100.v20230726-0617]
> Start Консоль [org.eclipse.ui.console 3.13.0.v20230726-0617]
2023-12-07 20:46:20.934 - Execution context opened (localhost; SQLEditor <Script.sql>; 2)
2023-12-07 20:46:20.963 - java.nio.file.NoSuchFileException: /home/adminas/ItogovoyaKonrolnay/OOP/SQL/.metadata/.plugins/org.jkiss.dbeaver.model.sql/variables
java.nio.file.NoSuchFileException: /home/adminas/ItogovoyaKonrolnay/OOP/SQL/.metadata/.plugins/org.jkiss.dbeaver.model.sql/variables
	at java.base/sun.nio.fs.UnixException.translateToIOException(Unknown Source)
	at java.base/sun.nio.fs.UnixException.rethrowAsIOException(Unknown Source)
	at java.base/sun.nio.fs.UnixException.rethrowAsIOException(Unknown Source)
	at java.base/sun.nio.fs.UnixFileSystemProvider.newDirectoryStream(Unknown Source)
	at java.base/java.nio.file.Files.newDirectoryStream(Unknown Source)
	at java.base/java.nio.file.Files.list(Unknown Source)
	at org.jkiss.dbeaver.model.sql.registry.SQLVariablesRegistry.loadVariables(SQLVariablesRegistry.java:84)
	at org.jkiss.dbeaver.model.sql.registry.SQLVariablesRegistry.getInstance(SQLVariablesRegistry.java:74)
	at org.jkiss.dbeaver.model.sql.SQLScriptContext.loadVariables(SQLScriptContext.java:329)
	at org.jkiss.dbeaver.ui.editors.sql.SQLEditor.onDataSourceChange(SQLEditor.java:2934)
	at org.eclipse.swt.widgets.Synchronizer.syncExec(Synchronizer.java:183)
	at org.eclipse.ui.internal.UISynchronizer.syncExec(UISynchronizer.java:133)
	at org.eclipse.swt.widgets.Display.syncExec(Display.java:5960)
	at org.jkiss.dbeaver.ui.UIUtils.syncExec(UIUtils.java:1873)
	at org.jkiss.dbeaver.ui.editors.sql.SQLEditor.fireDataSourceChange(SQLEditor.java:2868)
	at org.jkiss.dbeaver.ui.editors.sql.SQLEditor.setDataSourceContainer(SQLEditor.java:472)
	at org.jkiss.dbeaver.ui.editors.sql.SQLEditor.updateDataSourceContainer(SQLEditor.java:502)
	at org.jkiss.dbeaver.ui.editors.sql.SQLEditor.lambda$19(SQLEditor.java:2199)
	at org.jkiss.dbeaver.ui.UIExecutionQueue.executeInUI(UIExecutionQueue.java:68)
	at org.eclipse.swt.widgets.RunnableLock.run(RunnableLock.java:40)
	at org.eclipse.swt.widgets.Synchronizer.runAsyncMessages(Synchronizer.java:132)
	at org.eclipse.swt.widgets.Display.runAsyncMessages(Display.java:5040)
	at org.eclipse.swt.widgets.Display.readAndDispatch(Display.java:4520)
	at org.eclipse.e4.ui.internal.workbench.swt.PartRenderingEngine$5.run(PartRenderingEngine.java:1155)
	at org.eclipse.core.databinding.observable.Realm.runWithDefault(Realm.java:342)
	at org.eclipse.e4.ui.internal.workbench.swt.PartRenderingEngine.run(PartRenderingEngine.java:1046)
	at org.eclipse.e4.ui.internal.workbench.E4Workbench.createAndRunUI(E4Workbench.java:155)
	at org.eclipse.ui.internal.Workbench.lambda$3(Workbench.java:645)
	at org.eclipse.core.databinding.observable.Realm.runWithDefault(Realm.java:342)
	at org.eclipse.ui.internal.Workbench.createAndRunWorkbench(Workbench.java:552)
	at org.eclipse.ui.PlatformUI.createAndRunWorkbench(PlatformUI.java:171)
	at org.jkiss.dbeaver.ui.app.standalone.DBeaverApplication.start(DBeaverApplication.java:280)
	at org.eclipse.equinox.internal.app.EclipseAppHandle.run(EclipseAppHandle.java:203)
	at org.eclipse.core.runtime.internal.adaptor.EclipseAppLauncher.runApplication(EclipseAppLauncher.java:136)
	at org.eclipse.core.runtime.internal.adaptor.EclipseAppLauncher.start(EclipseAppLauncher.java:104)
	at org.eclipse.core.runtime.adaptor.EclipseStarter.run(EclipseStarter.java:402)
	at org.eclipse.core.runtime.adaptor.EclipseStarter.run(EclipseStarter.java:255)
	at java.base/jdk.internal.reflect.NativeMethodAccessorImpl.invoke0(Native Method)
	at java.base/jdk.internal.reflect.NativeMethodAccessorImpl.invoke(Unknown Source)
	at java.base/jdk.internal.reflect.DelegatingMethodAccessorImpl.invoke(Unknown Source)
	at java.base/java.lang.reflect.Method.invoke(Unknown Source)
	at org.eclipse.equinox.launcher.Main.invokeFramework(Main.java:651)
	at org.eclipse.equinox.launcher.Main.basicRun(Main.java:588)
	at org.eclipse.equinox.launcher.Main.run(Main.java:1459)
	at org.eclipse.equinox.launcher.Main.main(Main.java:1432)
> Start DBeaver Tasks - Native Tools UI [org.jkiss.dbeaver.tasks.native.ui 1.0.95.202310221533]
2023-12-07 21:08:43.745 - SQL Error [1050] [42S01]: Table 'dogs' already exists
org.jkiss.dbeaver.model.sql.DBSQLException: SQL Error [1050] [42S01]: Table 'dogs' already exists
	at org.jkiss.dbeaver.model.impl.jdbc.exec.JDBCStatementImpl.executeStatement(JDBCStatementImpl.java:133)
	at org.jkiss.dbeaver.ui.editors.sql.execute.SQLQueryJob.executeStatement(SQLQueryJob.java:583)
	at org.jkiss.dbeaver.ui.editors.sql.execute.SQLQueryJob.lambda$1(SQLQueryJob.java:492)
	at org.jkiss.dbeaver.model.exec.DBExecUtils.tryExecuteRecover(DBExecUtils.java:190)
	at org.jkiss.dbeaver.ui.editors.sql.execute.SQLQueryJob.executeSingleQuery(SQLQueryJob.java:499)
	at org.jkiss.dbeaver.ui.editors.sql.execute.SQLQueryJob.extractData(SQLQueryJob.java:947)
	at org.jkiss.dbeaver.ui.editors.sql.SQLEditor$QueryResultsContainer.readData(SQLEditor.java:4100)
	at org.jkiss.dbeaver.ui.controls.resultset.ResultSetJobDataRead.lambda$0(ResultSetJobDataRead.java:123)
	at org.jkiss.dbeaver.model.exec.DBExecUtils.tryExecuteRecover(DBExecUtils.java:190)
	at org.jkiss.dbeaver.ui.controls.resultset.ResultSetJobDataRead.run(ResultSetJobDataRead.java:121)
	at org.jkiss.dbeaver.ui.controls.resultset.ResultSetViewer$ResultSetDataPumpJob.run(ResultSetViewer.java:5164)
	at org.jkiss.dbeaver.model.runtime.AbstractJob.run(AbstractJob.java:105)
	at org.eclipse.core.internal.jobs.Worker.run(Worker.java:63)
Caused by: java.sql.SQLSyntaxErrorException: Table 'dogs' already exists
	at com.mysql.cj.jdbc.exceptions.SQLError.createSQLException(SQLError.java:120)
	at com.mysql.cj.jdbc.exceptions.SQLExceptionsMapping.translateException(SQLExceptionsMapping.java:122)
	at com.mysql.cj.jdbc.StatementImpl.executeInternal(StatementImpl.java:763)
	at com.mysql.cj.jdbc.StatementImpl.execute(StatementImpl.java:648)
	at org.jkiss.dbeaver.model.impl.jdbc.exec.JDBCStatementImpl.execute(JDBCStatementImpl.java:330)
	at org.jkiss.dbeaver.model.impl.jdbc.exec.JDBCStatementImpl.executeStatement(JDBCStatementImpl.java:131)
	... 12 more
2023-12-07 21:09:32.173 - SQL Error [1050] [42S01]: Table 'hamsters' already exists
org.jkiss.dbeaver.model.sql.DBSQLException: SQL Error [1050] [42S01]: Table 'hamsters' already exists
	at org.jkiss.dbeaver.model.impl.jdbc.exec.JDBCStatementImpl.executeStatement(JDBCStatementImpl.java:133)
	at org.jkiss.dbeaver.ui.editors.sql.execute.SQLQueryJob.executeStatement(SQLQueryJob.java:583)
	at org.jkiss.dbeaver.ui.editors.sql.execute.SQLQueryJob.lambda$1(SQLQueryJob.java:492)
	at org.jkiss.dbeaver.model.exec.DBExecUtils.tryExecuteRecover(DBExecUtils.java:190)
	at org.jkiss.dbeaver.ui.editors.sql.execute.SQLQueryJob.executeSingleQuery(SQLQueryJob.java:499)
	at org.jkiss.dbeaver.ui.editors.sql.execute.SQLQueryJob.extractData(SQLQueryJob.java:947)
	at org.jkiss.dbeaver.ui.editors.sql.SQLEditor$QueryResultsContainer.readData(SQLEditor.java:4100)
	at org.jkiss.dbeaver.ui.controls.resultset.ResultSetJobDataRead.lambda$0(ResultSetJobDataRead.java:123)
	at org.jkiss.dbeaver.model.exec.DBExecUtils.tryExecuteRecover(DBExecUtils.java:190)
	at org.jkiss.dbeaver.ui.controls.resultset.ResultSetJobDataRead.run(ResultSetJobDataRead.java:121)
	at org.jkiss.dbeaver.ui.controls.resultset.ResultSetViewer$ResultSetDataPumpJob.run(ResultSetViewer.java:5164)
	at org.jkiss.dbeaver.model.runtime.AbstractJob.run(AbstractJob.java:105)
	at org.eclipse.core.internal.jobs.Worker.run(Worker.java:63)
Caused by: java.sql.SQLSyntaxErrorException: Table 'hamsters' already exists
	at com.mysql.cj.jdbc.exceptions.SQLError.createSQLException(SQLError.java:120)
	at com.mysql.cj.jdbc.exceptions.SQLExceptionsMapping.translateException(SQLExceptionsMapping.java:122)
	at com.mysql.cj.jdbc.StatementImpl.executeInternal(StatementImpl.java:763)
	at com.mysql.cj.jdbc.StatementImpl.execute(StatementImpl.java:648)
	at org.jkiss.dbeaver.model.impl.jdbc.exec.JDBCStatementImpl.execute(JDBCStatementImpl.java:330)
	at org.jkiss.dbeaver.model.impl.jdbc.exec.JDBCStatementImpl.executeStatement(JDBCStatementImpl.java:131)
	... 12 more
2023-12-07 21:10:57.289 - Delete empty SQL script '/General/Scripts/Script.sql'
2023-12-07 21:10:57.334 - Execution context closed (localhost, 2)
